kotlin.Any
kotlin.Array<*>
kotlin.Array<T>
kotlin.Array<kotlin.Any
kotlin.Boolean>
kotlin.BooleanArray
kotlin.CharSequence
kotlin.Deprecated(
kotlin.Double>
kotlin.DoubleArray
kotlin.Float>
kotlin.FloatArray
kotlin.Int>
kotlin.IntArray
kotlin.Long>
kotlin.LongArray
kotlin.Metadata(
kotlin.Pair, vjson.pl.type.MemPos, int, java.lang.Object);
kotlin.Pair<
kotlin.Pair<java.lang.String, java.lang.Integer>
kotlin.Pair<vjson.pl.type.FunctionDescriptor, vjson.pl.inst.Instruction>
kotlin.String
kotlin.Throwable
kotlin.TypeAliasesKt.Exception
kotlin.Unit);
kotlin.Unit>
kotlin.Unit>);
kotlin.Unit>, kotlin.jvm.functions.Function0<
kotlin.Unit>, kotlin.jvm.functions.Function1<
kotlin.Unit>, vjson.deserializer.rule.Rule<
kotlin.Unit>, vjson.deserializer.rule.Rule<E>);
kotlin.Unit>, vjson.deserializer.rule.Rule<V>);
kotlin.collections.Collection<*>
kotlin.collections.Iterator<kotlin.Any
kotlin.collections.Iterator<kotlin.Boolean>
kotlin.collections.Iterator<kotlin.Double>
kotlin.collections.Iterator<kotlin.Float>
kotlin.collections.Iterator<kotlin.Int>
kotlin.collections.Iterator<kotlin.Long>
kotlin.collections.Map<*, *>
kotlin.collections.Map<kotlin.Any
kotlin.collections.Map<kotlin.Boolean, *>
kotlin.collections.Map<kotlin.Double, *>
kotlin.collections.Map<kotlin.Float, *>
kotlin.collections.Map<kotlin.Int, *>
kotlin.collections.Map<kotlin.Long, *>
kotlin.collections.MutableCollection<*>
kotlin.collections.MutableCollection<kotlin.Any
kotlin.collections.MutableCollection<kotlin.Boolean>
kotlin.collections.MutableCollection<kotlin.Double>
kotlin.collections.MutableCollection<kotlin.Float>
kotlin.collections.MutableCollection<kotlin.Int>
kotlin.collections.MutableCollection<kotlin.Long>
kotlin.collections.MutableList<*>
kotlin.collections.MutableList<kotlin.Any
kotlin.collections.MutableList<kotlin.Boolean>
kotlin.collections.MutableList<kotlin.Double>
kotlin.collections.MutableList<kotlin.Float>
kotlin.collections.MutableList<kotlin.Int>
kotlin.collections.MutableList<kotlin.Long>
kotlin.collections.MutableMap<kotlin.Any
kotlin.collections.MutableMap<kotlin.Boolean, kotlin.Any
kotlin.collections.MutableMap<kotlin.Boolean, kotlin.Boolean>
kotlin.collections.MutableMap<kotlin.Boolean, kotlin.Double>
kotlin.collections.MutableMap<kotlin.Boolean, kotlin.Float>
kotlin.collections.MutableMap<kotlin.Boolean, kotlin.Int>
kotlin.collections.MutableMap<kotlin.Boolean, kotlin.Long>
kotlin.collections.MutableMap<kotlin.Double, kotlin.Any
kotlin.collections.MutableMap<kotlin.Double, kotlin.Boolean>
kotlin.collections.MutableMap<kotlin.Double, kotlin.Double>
kotlin.collections.MutableMap<kotlin.Double, kotlin.Float>
kotlin.collections.MutableMap<kotlin.Double, kotlin.Int>
kotlin.collections.MutableMap<kotlin.Double, kotlin.Long>
kotlin.collections.MutableMap<kotlin.Float, kotlin.Any
kotlin.collections.MutableMap<kotlin.Float, kotlin.Boolean>
kotlin.collections.MutableMap<kotlin.Float, kotlin.Double>
kotlin.collections.MutableMap<kotlin.Float, kotlin.Float>
kotlin.collections.MutableMap<kotlin.Float, kotlin.Int>
kotlin.collections.MutableMap<kotlin.Float, kotlin.Long>
kotlin.collections.MutableMap<kotlin.Int, kotlin.Any
kotlin.collections.MutableMap<kotlin.Int, kotlin.Boolean>
kotlin.collections.MutableMap<kotlin.Int, kotlin.Double>
kotlin.collections.MutableMap<kotlin.Int, kotlin.Float>
kotlin.collections.MutableMap<kotlin.Int, kotlin.Int>
kotlin.collections.MutableMap<kotlin.Int, kotlin.Long>
kotlin.collections.MutableMap<kotlin.Long, kotlin.Any
kotlin.collections.MutableMap<kotlin.Long, kotlin.Boolean>
kotlin.collections.MutableMap<kotlin.Long, kotlin.Double>
kotlin.collections.MutableMap<kotlin.Long, kotlin.Float>
kotlin.collections.MutableMap<kotlin.Long, kotlin.Int>
kotlin.collections.MutableMap<kotlin.Long, kotlin.Long>
kotlin.jvm.JvmDefault
kotlin.jvm.JvmField
kotlin.jvm.JvmOverloads
kotlin.jvm.JvmStatic
kotlin.jvm.functions.Function0, kotlin.jvm.functions.Function1, kotlin.jvm.functions.Function2, vjson.deserializer.rule.Rule, kotlin.jvm.internal.DefaultConstructorMarker);
kotlin.jvm.functions.Function0, vjson.deserializer.rule.ObjectRule, kotlin.jvm.functions.Function1, int, kotlin.jvm.internal.DefaultConstructorMarker);
kotlin.jvm.functions.Function0<
kotlin.jvm.functions.Function0<OUTPUT>
kotlin.jvm.functions.Function0<T>
kotlin.jvm.functions.Function0<V>
kotlin.jvm.functions.Function0<java.lang.Boolean>
kotlin.jvm.functions.Function0<java.lang.Double>
kotlin.jvm.functions.Function0<java.lang.Double>);
kotlin.jvm.functions.Function0<java.lang.Integer>
kotlin.jvm.functions.Function0<java.lang.Long>
kotlin.jvm.functions.Function0<java.lang.Long>);
kotlin.jvm.functions.Function0<java.lang.Object>
kotlin.jvm.functions.Function0<java.lang.String>
kotlin.jvm.functions.Function0<java.util.List<T>>
kotlin.jvm.functions.Function1
kotlin.jvm.functions.Function1, int, java.lang.Object);
kotlin.jvm.functions.Function1<
kotlin.jvm.functions.Function1<T, kotlin.Unit>
kotlin.jvm.functions.Function1<java.lang.Character, java.lang.Boolean>
kotlin.jvm.functions.Function1<java.lang.Object, 
kotlin.jvm.functions.Function1<java.lang.Object, java.lang.Object>
kotlin.jvm.functions.Function1<java.lang.String, java.lang.Boolean>
kotlin.jvm.functions.Function1<java.lang.String, kotlin.Unit>
kotlin.jvm.functions.Function1<vjson.deserializer.rule.ObjectRule<O>, kotlin.Unit>
kotlin.jvm.functions.Function1<vjson.pl.ast.AST, java.lang.Boolean>
kotlin.jvm.functions.Function1<vjson.pl.inst.ActionContext, vjson.pl.inst.ActionContext>
kotlin.jvm.functions.Function1<vpreprocessor.PreprocessorContext, kotlin.Unit>
kotlin.jvm.functions.Function1<vpreprocessor.PreprocessorContext, vpreprocessor.ast.Exp>
kotlin.jvm.functions.Function2<
kotlin.jvm.functions.Function2<O, V, kotlin.Unit>
kotlin.jvm.functions.Function2<T, U, kotlin.Unit>
kotlin.jvm.functions.Function2<java.lang.Object, E, kotlin.Unit>
kotlin.jvm.functions.Function2<java.lang.Object, java.lang.Object, kotlin.Unit>, java.lang.Object);
kotlin.jvm.functions.Function2<java.lang.Object, java.lang.Object, kotlin.Unit>, vjson.deserializer.rule.Rule<E>);
kotlin.jvm.functions.Function2<java.util.List<T>, T, kotlin.Unit>
kotlin.jvm.functions.Function3<
kotlin.jvm.functions.Function3<O, java.lang.String, java.lang.Object, kotlin.Unit>>
kotlin.jvm.functions.Function3<T, U, V, kotlin.Unit>
kotlin.jvm.internal.DefaultConstructorMarker);
kotlin.jvm.internal.Lambda
kotlin.jvm.internal.markers.KMutableIterator, kotlin.jvm.internal.markers.KMappedMarker
kotlin.reflect.KClass, int, java.lang.Object);
kotlin.reflect.KClass<
kotlin.reflect.KClass<T>);
kotlin.reflect.KClass<T>, kotlin.jvm.functions.Function1<
kotlin/Deprecated;
kotlin/Exception;
kotlin/Exception;",
kotlin/ExtensionFunctionType;
kotlin/ExtensionFunctionType;",
kotlin/Function0;
kotlin/Function0;",
kotlin/Function1;
kotlin/Function1;",
kotlin/Function2;
kotlin/Function2;",
kotlin/Function3;
kotlin/Function3;",
kotlin/IllegalStateException;
kotlin/IllegalStateException;",
kotlin/Metadata;
kotlin/NoWhenBranchMatchedException
kotlin/NoWhenBranchMatchedException."<init>":()V
kotlin/NotImplementedError
kotlin/NotImplementedError."<init>":(Ljava/lang/String;)V
kotlin/Pair
kotlin/Pair, class
kotlin/Pair."<init>":(Ljava/lang/Object;Ljava/lang/Object;)V
kotlin/Pair.component1:()Ljava/lang/Object;
kotlin/Pair.component2:()Ljava/lang/Object;
kotlin/Pair.getFirst:()Ljava/lang/Object;
kotlin/Pair.getSecond:()Ljava/lang/Object;
kotlin/Pair.hashCode:()I
kotlin/Pair;
kotlin/Pair;",
kotlin/Pair;)V
kotlin/Pair;)V",
kotlin/Pair;Lvjson/pl/type/MemPos;)Lvjson/pl/type/Variable;
kotlin/Pair;Lvjson/pl/type/MemPos;)V
kotlin/Pair;Lvjson/pl/type/MemPos;)V",
kotlin/Pair;Lvjson/pl/type/MemPos;ILjava/lang/Object;)Lvjson/pl/type/Variable;
kotlin/Pair<
kotlin/Pair<Ljava/lang/String;Ljava/lang/Integer;>;
kotlin/Pair<Lvjson/pl/type/FunctionDescriptor;Lvjson/pl/inst/Instruction;>;
kotlin/RuntimeException;
kotlin/RuntimeException;",
kotlin/Unit
kotlin/Unit, class
kotlin/Unit, int, class
kotlin/Unit.INSTANCE:Lkotlin/Unit;
kotlin/Unit;
kotlin/Unit;)V
kotlin/Unit;)V",
kotlin/collections/ArrayList;
kotlin/collections/ArrayList;",
kotlin/collections/ArraysKt
kotlin/collections/ArraysKt.asList:([Ljava/lang/Object;)Ljava/util/List;
kotlin/collections/ArraysKt.copyInto:([C[CIII)[C
kotlin/collections/ArraysKt.toList:([Ljava/lang/Object;)Ljava/util/List;
kotlin/collections/ArraysKt__ArraysJVMKt
kotlin/collections/CollectionsKt
kotlin/collections/CollectionsKt.collectionSizeOrDefault:(Ljava/lang/Iterable;I)I
kotlin/collections/CollectionsKt.emptyList:()Ljava/util/List;
kotlin/collections/CollectionsKt.joinToString$default:(Ljava/lang/Iterable;Ljava/lang/CharSequence;Ljava/lang/CharSequence;Ljava/lang/CharSequence;ILjava/lang/CharSequence;Lkotlin/jvm/functions/Function1;ILjava/lang/Object;)Ljava/lang/String;
kotlin/collections/CollectionsKt.last:(Ljava/util/List;)Ljava/lang/Object;
kotlin/collections/CollectionsKt.listOf:(Ljava/lang/Object;)Ljava/util/List;
kotlin/collections/CollectionsKt.listOf:([Ljava/lang/Object;)Ljava/util/List;
kotlin/collections/CollectionsKt.removeLast:(Ljava/util/List;)Ljava/lang/Object;
kotlin/collections/CollectionsKt.reversed:(Ljava/lang/Iterable;)Ljava/util/List;
kotlin/collections/CollectionsKt.throwIndexOverflow:()V
kotlin/collections/CollectionsKt.toBooleanArray:(Ljava/util/Collection;)[Z
kotlin/collections/CollectionsKt.toDoubleArray:(Ljava/util/Collection;)[D
kotlin/collections/CollectionsKt.toFloatArray:(Ljava/util/Collection;)[F
kotlin/collections/CollectionsKt.toIntArray:(Ljava/util/Collection;)[I
kotlin/collections/CollectionsKt.toLongArray:(Ljava/util/Collection;)[J
kotlin/collections/CollectionsKt___CollectionsKt
kotlin/collections/HashMap;
kotlin/collections/HashMap;",
kotlin/collections/LinkedHashMap;
kotlin/collections/LinkedHashMap;",
kotlin/collections/LinkedHashSet;
kotlin/collections/LinkedHashSet;",
kotlin/io/CloseableKt
kotlin/io/CloseableKt.closeFinally:(Ljava/io/Closeable;Ljava/lang/Throwable;)V
kotlin/jvm/JvmDefault;
kotlin/jvm/JvmField;
kotlin/jvm/JvmOverloads;
kotlin/jvm/JvmStatic;
kotlin/jvm/functions/Function0
kotlin/jvm/functions/Function0, class
kotlin/jvm/functions/Function0.invoke:()Ljava/lang/Object;
kotlin/jvm/functions/Function0;
kotlin/jvm/functions/Function0;",
kotlin/jvm/functions/Function0;)Lvjson/deserializer/rule/TypeRule;
kotlin/jvm/functions/Function0;)Lvjson/pl/type/lang/ExtFunctions;
kotlin/jvm/functions/Function0;)Lvjson/util/ArrayBuilder;
kotlin/jvm/functions/Function0;)Lvjson/util/ObjectBuilder;
kotlin/jvm/functions/Function0;)V
kotlin/jvm/functions/Function0;)V",
kotlin/jvm/functions/Function0;Lkotlin/jvm/functions/Function1;)V
kotlin/jvm/functions/Function0;Lkotlin/jvm/functions/Function1;)V",
kotlin/jvm/functions/Function0;Lkotlin/jvm/functions/Function1;Lkotlin/jvm/functions/Function1;)Lvjson/deserializer/rule/ObjectRule$BuilderRule;
kotlin/jvm/functions/Function0;Lkotlin/jvm/functions/Function1;Lkotlin/jvm/functions/Function2;Lkotlin/jvm/functions/Function0;)Lvjson/deserializer/rule/ArrayRule;
kotlin/jvm/functions/Function0;Lkotlin/jvm/functions/Function1;Lkotlin/jvm/functions/Function2;Lvjson/deserializer/rule/Rule;)V
kotlin/jvm/functions/Function0;Lkotlin/jvm/functions/Function1;Lkotlin/jvm/functions/Function2;Lvjson/deserializer/rule/Rule;)V",
kotlin/jvm/functions/Function0;Lkotlin/jvm/functions/Function1;Lkotlin/jvm/functions/Function2;Lvjson/deserializer/rule/Rule;Lkotlin/jvm/internal/DefaultConstructorMarker;)V
kotlin/jvm/functions/Function0;Lkotlin/jvm/functions/Function1;Lvjson/util/functional/BiConsumer_;Lvjson/deserializer/rule/Rule;)Lvjson/deserializer/rule/ArrayRule;
kotlin/jvm/functions/Function0;Lkotlin/jvm/functions/Function2;Lkotlin/jvm/functions/Function0;)V
kotlin/jvm/functions/Function0;Lkotlin/jvm/functions/Function2;Lkotlin/jvm/functions/Function0;)V",
kotlin/jvm/functions/Function0;Lkotlin/jvm/functions/Function2;Lvjson/deserializer/rule/Rule;)V
kotlin/jvm/functions/Function0;Lkotlin/jvm/functions/Function2;Lvjson/deserializer/rule/Rule;)V",
kotlin/jvm/functions/Function0;Lvjson/deserializer/rule/ObjectRule$BuilderRule;Lkotlin/jvm/functions/Function1;Lkotlin/jvm/functions/Function1;)Lvjson/deserializer/rule/ObjectRule$BuilderRule;
kotlin/jvm/functions/Function0;Lvjson/deserializer/rule/ObjectRule;)V
kotlin/jvm/functions/Function0;Lvjson/deserializer/rule/ObjectRule;)V",
kotlin/jvm/functions/Function0;Lvjson/deserializer/rule/ObjectRule;Lkotlin/jvm/functions/Function1;)V
kotlin/jvm/functions/Function0;Lvjson/deserializer/rule/ObjectRule;Lkotlin/jvm/functions/Function1;)V",
kotlin/jvm/functions/Function0;Lvjson/deserializer/rule/ObjectRule;Lkotlin/jvm/functions/Function1;I)V
kotlin/jvm/functions/Function0;Lvjson/deserializer/rule/ObjectRule;Lkotlin/jvm/functions/Function1;I)V",
kotlin/jvm/functions/Function0;Lvjson/deserializer/rule/ObjectRule;Lkotlin/jvm/functions/Function1;ILkotlin/jvm/internal/DefaultConstructorMarker;)V
kotlin/jvm/functions/Function0;Lvjson/deserializer/rule/Rule;Lkotlin/jvm/functions/Function2;)V
kotlin/jvm/functions/Function0;Lvjson/deserializer/rule/Rule;Lkotlin/jvm/functions/Function2;)V",
kotlin/jvm/functions/Function0;Lvjson/util/functional/BiConsumer_;Lvjson/deserializer/rule/Rule;)V
kotlin/jvm/functions/Function0;Lvjson/util/functional/BiConsumer_;Lvjson/deserializer/rule/Rule;)V",
kotlin/jvm/functions/Function0<
kotlin/jvm/functions/Function0<Ljava/lang/Double;>;
kotlin/jvm/functions/Function0<Ljava/lang/Double;>;)Lvjson/pl/type/lang/ExtFunctions;
kotlin/jvm/functions/Function0<Ljava/lang/Double;>;)V
kotlin/jvm/functions/Function0<Ljava/lang/Long;>;
kotlin/jvm/functions/Function0<Ljava/lang/Long;>;)Lvjson/pl/type/lang/ExtFunctions;
kotlin/jvm/functions/Function0<Ljava/lang/Long;>;)V
kotlin/jvm/functions/Function0<Ljava/lang/Object;>;
kotlin/jvm/functions/Function0<TOUTPUT;>;
kotlin/jvm/functions/Function0<TT;>;
kotlin/jvm/functions/Function0<TV;>;
kotlin/jvm/functions/Function1
kotlin/jvm/functions/Function1, class
kotlin/jvm/functions/Function1, int
kotlin/jvm/functions/Function1, int, class
kotlin/jvm/functions/Function1.invoke:(Ljava/lang/Object;)Ljava/lang/Object;
kotlin/jvm/functions/Function1;
kotlin/jvm/functions/Function1;",
kotlin/jvm/functions/Function1;)Lvjson/Stringifier$StringOptions;
kotlin/jvm/functions/Function1;)Lvjson/pl/ast/AST;
kotlin/jvm/functions/Function1;)Lvjson/pl/type/TypeContext;
kotlin/jvm/functions/Function1;)Lvjson/util/ArrayBuilder;
kotlin/jvm/functions/Function1;)Lvjson/util/ObjectBuilder;
kotlin/jvm/functions/Function1;)Lvpreprocessor/ast/If;
kotlin/jvm/functions/Function1;)V
kotlin/jvm/functions/Function1;)V",
kotlin/jvm/functions/Function1;ILjava/lang/Object;)Ljava/lang/String;
kotlin/jvm/functions/Function1;ILjava/lang/Object;)Lvjson/Stringifier$StringOptions;
kotlin/jvm/functions/Function1;Lkotlin/jvm/functions/Function1;Lkotlin/jvm/functions/Function1;)V
kotlin/jvm/functions/Function1;Lkotlin/jvm/functions/Function1;Lkotlin/jvm/functions/Function1;)V",
kotlin/jvm/functions/Function1<-Ljava/lang/Character;Ljava/lang/Boolean;>;
kotlin/jvm/functions/Function1<-Ljava/lang/Character;Ljava/lang/Boolean;>;)Lvjson/Stringifier$StringOptions;
kotlin/jvm/functions/Function1<-Ljava/lang/Character;Ljava/lang/Boolean;>;)V
kotlin/jvm/functions/Function1<-Ljava/lang/Integer;Lkotlin/Unit;>;)V
kotlin/jvm/functions/Function1<-Ljava/lang/String;Lkotlin/Unit;>;
kotlin/jvm/functions/Function1<-Ljava/lang/String;Lkotlin/Unit;>;)V
kotlin/jvm/functions/Function1<-Lvjson/deserializer/rule/ObjectRule<TO;>;Lkotlin/Unit;>;)V
kotlin/jvm/functions/Function1<-Lvjson/deserializer/rule/ObjectRule<TT_BUILDER;>;
kotlin/jvm/functions/Function1<-Lvjson/pl/ast/AST;Ljava/lang/Boolean;>;)Lvjson/pl/ast/AST;
kotlin/jvm/functions/Function1<-Lvjson/pl/ast/AST;Ljava/lang/Boolean;>;)Lvjson/pl/type/TypeContext;
kotlin/jvm/functions/Function1<-Lvjson/pl/inst/ActionContext;Lvjson/pl/inst/ActionContext;>;
kotlin/jvm/functions/Function1<-Lvjson/pl/inst/ActionContext;Lvjson/pl/inst/ActionContext;>;)V
kotlin/jvm/functions/Function1<-Lvjson/util/ArrayBuilder;Lkotlin/Unit;>;)Lvjson/util/ArrayBuilder;
kotlin/jvm/functions/Function1<-Lvjson/util/ArrayBuilder;Lkotlin/Unit;>;)Lvjson/util/ObjectBuilder;
kotlin/jvm/functions/Function1<-Lvjson/util/ObjectBuilder;Lkotlin/Unit;>;)Lvjson/util/ArrayBuilder;
kotlin/jvm/functions/Function1<-Lvjson/util/ObjectBuilder;Lkotlin/Unit;>;)Lvjson/util/ObjectBuilder;
kotlin/jvm/functions/Function1<-Lvjson/util/ObjectBuilder;Lkotlin/Unit;>;)V
kotlin/jvm/functions/Function1<-Lvpreprocessor/PreprocessorContext;
kotlin/jvm/functions/Function1<-Lvpreprocessor/PreprocessorContext;Lkotlin/Unit;>;Lkotlin/jvm/functions/Function1<-Ljava/lang/String;Ljava/lang/Boolean;>;Lkotlin/jvm/functions/Function1<-Ljava/lang/String;Lkotlin/Unit;>;)V
kotlin/jvm/functions/Function1<-TT_BUILDER;
kotlin/jvm/functions/Function1<Ljava/lang/Character;Ljava/lang/Boolean;>;
kotlin/jvm/functions/Function1<Ljava/lang/Object;
kotlin/jvm/functions/Function1<Ljava/lang/Object;Ljava/lang/Object;>;
kotlin/jvm/functions/Function1<Ljava/lang/String;Ljava/lang/Boolean;>;
kotlin/jvm/functions/Function1<Ljava/lang/String;Lkotlin/Unit;>;
kotlin/jvm/functions/Function1<Lvjson/pl/inst/ActionContext;Lvjson/pl/inst/ActionContext;>;
kotlin/jvm/functions/Function1<Lvpreprocessor/PreprocessorContext;Lkotlin/Unit;>;
kotlin/jvm/functions/Function1<TT;Lkotlin/Unit;>;
kotlin/jvm/functions/Function2
kotlin/jvm/functions/Function2, class
kotlin/jvm/functions/Function2.invoke:(Ljava/lang/Object;Ljava/lang/Object;)Ljava/lang/Object;
kotlin/jvm/functions/Function2;
kotlin/jvm/functions/Function2;",
kotlin/jvm/functions/Function2;)Lvjson/deserializer/rule/ObjectRule;
kotlin/jvm/functions/Function2;)Lvjson/util/ArrayBuilder;
kotlin/jvm/functions/Function2;Ljava/lang/Object;)V
kotlin/jvm/functions/Function2;Lkotlin/jvm/functions/Function0;)Lvjson/deserializer/rule/ObjectRule;
kotlin/jvm/functions/Function2;Lvjson/deserializer/rule/Rule;)Lvjson/deserializer/rule/ObjectRule;
kotlin/jvm/functions/Function2;Lvjson/deserializer/rule/Rule;)V
kotlin/jvm/functions/Function2;Lvjson/deserializer/rule/Rule;)V",
kotlin/jvm/functions/Function2<-Lvjson/util/ArrayBuilder;-TT;Lkotlin/Unit;>;)Lvjson/util/ArrayBuilder;
kotlin/jvm/functions/Function2<-TL;-TE;Lkotlin/Unit;>;)V
kotlin/jvm/functions/Function2<-TL;-TE;Lkotlin/Unit;>;Lkotlin/jvm/functions/Function0<
kotlin/jvm/functions/Function2<-TL;-TE;Lkotlin/Unit;>;Lvjson/deserializer/rule/Rule<TE;>;)V
kotlin/jvm/functions/Function2<-TO;-TV;Lkotlin/Unit;>;)Lvjson/deserializer/rule/ObjectRule<TO;>;
kotlin/jvm/functions/Function2<-TO;-TV;Lkotlin/Unit;>;Lkotlin/jvm/functions/Function0<
kotlin/jvm/functions/Function2<-TO;-TV;Lkotlin/Unit;>;Lvjson/deserializer/rule/Rule<*>;)V
kotlin/jvm/functions/Function2<-TO;-TV;Lkotlin/Unit;>;Lvjson/deserializer/rule/Rule<TV;>;)Lvjson/deserializer/rule/ObjectRule<TO;>;
kotlin/jvm/functions/Function2<-TT_BUILDER;-TT_ELEM;Lkotlin/Unit;>;Lkotlin/jvm/functions/Function0<
kotlin/jvm/functions/Function2<Ljava/lang/Object;Ljava/lang/Object;Lkotlin/Unit;>;Ljava/lang/Object;)V
kotlin/jvm/functions/Function2<Ljava/lang/Object;Ljava/lang/Object;Lkotlin/Unit;>;Lvjson/deserializer/rule/Rule<TE;>;)V
kotlin/jvm/functions/Function2<Ljava/lang/Object;TE;Lkotlin/Unit;>;
kotlin/jvm/functions/Function2<TO;TV;Lkotlin/Unit;>;
kotlin/jvm/functions/Function2<TT;TU;Lkotlin/Unit;>;
kotlin/jvm/functions/Function3
kotlin/jvm/functions/Function3.invoke:(Ljava/lang/Object;Ljava/lang/Object;Ljava/lang/Object;)Ljava/lang/Object;
kotlin/jvm/functions/Function3;
kotlin/jvm/functions/Function3;)Lvjson/deserializer/rule/ObjectRule;
kotlin/jvm/functions/Function3<-TO;-Ljava/lang/String;Ljava/lang/Object;Lkotlin/Unit;>;)Lvjson/deserializer/rule/ObjectRule<TO;>;
kotlin/jvm/functions/Function3<TO;Ljava/lang/String;Ljava/lang/Object;Lkotlin/Unit;>;>;
kotlin/jvm/functions/Function3<TT;TU;TV;Lkotlin/Unit;>;
kotlin/jvm/internal/DefaultConstructorMarker;
kotlin/jvm/internal/DefaultConstructorMarker;)V
kotlin/jvm/internal/FakeKt
kotlin/jvm/internal/Intrinsics
kotlin/jvm/internal/Intrinsics.areEqual:(Ljava/lang/Object;Ljava/lang/Object;)Z
kotlin/jvm/internal/Intrinsics.checkNotNull:(Ljava/lang/Object;)V
kotlin/jvm/internal/Intrinsics.checkNotNullExpressionValue:(Ljava/lang/Object;Ljava/lang/String;)V
kotlin/jvm/internal/Intrinsics.checkNotNullParameter:(Ljava/lang/Object;Ljava/lang/String;)V
kotlin/jvm/internal/Intrinsics.stringPlus:(Ljava/lang/String;Ljava/lang/Object;)Ljava/lang/String;
kotlin/jvm/internal/Intrinsics.throwUninitializedPropertyAccessException:(Ljava/lang/String;)V
kotlin/jvm/internal/Lambda
kotlin/jvm/internal/Lambda."<init>":(I)V
kotlin/jvm/internal/Lambda;Lkotlin/jvm/functions/Function0<Ljava/lang/Boolean;>;
kotlin/jvm/internal/Lambda;Lkotlin/jvm/functions/Function0<Ljava/lang/Double;>;
kotlin/jvm/internal/Lambda;Lkotlin/jvm/functions/Function0<Ljava/lang/Integer;>;
kotlin/jvm/internal/Lambda;Lkotlin/jvm/functions/Function0<Ljava/lang/Long;>;
kotlin/jvm/internal/Lambda;Lkotlin/jvm/functions/Function0<Ljava/lang/String;>;
kotlin/jvm/internal/Lambda;Lkotlin/jvm/functions/Function0<Ljava/util/List<TT;>;>;
kotlin/jvm/internal/Lambda;Lkotlin/jvm/functions/Function0<TV;>;
kotlin/jvm/internal/Lambda;Lkotlin/jvm/functions/Function1<Ljava/lang/Character;Ljava/lang/Boolean;>;
kotlin/jvm/internal/Lambda;Lkotlin/jvm/functions/Function1<Ljava/lang/Object;Ljava/lang/Object;>;
kotlin/jvm/internal/Lambda;Lkotlin/jvm/functions/Function1<Lvjson/deserializer/rule/ObjectRule<TO;>;Lkotlin/Unit;>;
kotlin/jvm/internal/Lambda;Lkotlin/jvm/functions/Function1<Lvjson/pl/ast/AST;Ljava/lang/Boolean;>;
kotlin/jvm/internal/Lambda;Lkotlin/jvm/functions/Function1<Lvjson/pl/inst/ActionContext;Lvjson/pl/inst/ActionContext;>;
kotlin/jvm/internal/Lambda;Lkotlin/jvm/functions/Function1<Lvpreprocessor/PreprocessorContext;Lvpreprocessor/ast/Exp;>;
kotlin/jvm/internal/Lambda;Lkotlin/jvm/functions/Function2<Ljava/util/List<TT;>;TT;Lkotlin/Unit;>;
kotlin/jvm/internal/LongCompanionObject
kotlin/jvm/internal/LongCompanionObject.INSTANCE:Lkotlin/jvm/internal/LongCompanionObject;
kotlin/jvm/internal/LongCompanionObject;
kotlin/jvm/internal/Reflection
kotlin/jvm/internal/Reflection.getOrCreateKotlinClass:(Ljava/lang/Class;)Lkotlin/reflect/KClass;
kotlin/jvm/internal/TypeIntrinsics
kotlin/jvm/internal/TypeIntrinsics.asMutableCollection:(Ljava/lang/Object;)Ljava/util/Collection;
kotlin/jvm/internal/TypeIntrinsics.asMutableList:(Ljava/lang/Object;)Ljava/util/List;
kotlin/jvm/internal/TypeIntrinsics.asMutableMap:(Ljava/lang/Object;)Ljava/util/Map;
kotlin/jvm/internal/TypeIntrinsics.beforeCheckcastToFunctionOfArity:(Ljava/lang/Object;I)Ljava/lang/Object;
kotlin/jvm/internal/markers/KMappedMarker
kotlin/jvm/internal/markers/KMutableIterator
kotlin/jvm/internal/markers/KMutableIterator;Lkotlin/jvm/internal/markers/KMappedMarker;
kotlin/reflect/KClass
kotlin/reflect/KClass, int
kotlin/reflect/KClass, int, class
kotlin/reflect/KClass.getQualifiedName:()Ljava/lang/String;
kotlin/reflect/KClass.hashCode:()I
kotlin/reflect/KClass.isInstance:(Ljava/lang/Object;)Z
kotlin/reflect/KClass;
kotlin/reflect/KClass;",
kotlin/reflect/KClass;)Lvjson/util/ObjectBuilder;
kotlin/reflect/KClass;)Lvpreprocessor/semantic/Definition;
kotlin/reflect/KClass;)Lvpreprocessor/semantic/Definition;",
kotlin/reflect/KClass;)V
kotlin/reflect/KClass;)V",
kotlin/reflect/KClass;)Z
kotlin/reflect/KClass;ILjava/lang/Object;)Lvpreprocessor/semantic/Definition;
kotlin/reflect/KClass;Lkotlin/jvm/functions/Function0;)Lvjson/deserializer/rule/TypeRule;
kotlin/reflect/KClass;Lkotlin/jvm/functions/Function1;)Z
kotlin/reflect/KClass;Lvjson/deserializer/rule/ObjectRule;)Lvjson/deserializer/rule/TypeRule;
kotlin/reflect/KClass;Lvjson/deserializer/rule/ObjectRule;)V
kotlin/reflect/KClass;Lvjson/deserializer/rule/ObjectRule;)V",
kotlin/reflect/KClass<
kotlin/reflect/KClass<*>;
kotlin/reflect/KClass<*>;)Lvjson/util/ObjectBuilder;
kotlin/reflect/KClass<*>;)Lvpreprocessor/semantic/Definition<TT;>;
kotlin/reflect/KClass<*>;)V
kotlin/reflect/KClass<*>;Lvjson/deserializer/rule/ObjectRule<
kotlin/reflect/KClass<TT;>;)Z
kotlin/reflect/KClass<TT;>;Lkotlin/jvm/functions/Function1<-TT;Ljava/lang/Boolean;>;)Z
kotlin/text/CharsKt
kotlin/text/CharsKt.checkRadix:(I)I
kotlin/text/Charsets
kotlin/text/Charsets.UTF_8:Ljava/nio/charset/Charset;
kotlin/text/StringBuilder;
kotlin/text/StringBuilder;",
kotlin/text/StringsKt
kotlin/text/StringsKt.clear:(Ljava/lang/StringBuilder;)Ljava/lang/StringBuilder;
kotlin/text/StringsKt.concatToString:([CII)Ljava/lang/String;
kotlin/text/StringsKt.contains$default:(Ljava/lang/CharSequence;Ljava/lang/CharSequence;ZILjava/lang/Object;)Z
kotlin/text/StringsKt.endsWith$default:(Ljava/lang/String;Ljava/lang/String;ZILjava/lang/Object;)Z
kotlin/text/StringsKt.indexOf$default:(Ljava/lang/CharSequence;Ljava/lang/String;IZILjava/lang/Object;)I
kotlin/text/StringsKt.isBlank:(Ljava/lang/CharSequence;)Z
kotlin/text/StringsKt.last:(Ljava/lang/CharSequence;)C
kotlin/text/StringsKt.lastIndexOf$default:(Ljava/lang/CharSequence;Ljava/lang/String;IZILjava/lang/Object;)I
kotlin/text/StringsKt.repeat:(Ljava/lang/CharSequence;I)Ljava/lang/String;
kotlin/text/StringsKt.startsWith$default:(Ljava/lang/String;Ljava/lang/String;ZILjava/lang/Object;)Z
kotlin/text/StringsKt.trim:(Ljava/lang/CharSequence;)Ljava/lang/CharSequence;
